2024-10-28 10:43:34,333 - app_logger - INFO - Starting up...
2024-10-28 10:49:40,554 - app_logger - ERROR - Unhandled exception: UserService.__init__() got an unexpected keyword argument 'user_repository'
2024-10-28 10:50:36,721 - app_logger - ERROR - Unhandled exception: MasterPreviousDiveSiteService.__init__() got an unexpected keyword argument 'master_previous_dive_site_repository'
2024-10-28 10:54:31,046 - app_logger - INFO - Shutting down...
2024-10-28 10:54:33,075 - app_logger - INFO - Starting up...
2024-10-28 10:55:43,344 - app_logger - INFO - Shutting down...
2024-10-28 10:55:45,960 - app_logger - INFO - Starting up...
2024-10-28 10:55:46,472 - app_logger - INFO - Shutting down...
2024-10-28 10:55:48,002 - app_logger - INFO - Starting up...
2024-10-28 10:55:51,633 - app_logger - ERROR - Unhandled exception: MasterPreviousDiveSiteService.__init__() got an unexpected keyword argument 'master_previous_dive_site_repository'
2024-10-28 10:59:43,246 - app_logger - INFO - Shutting down...
2024-10-28 10:59:45,230 - app_logger - INFO - Starting up...
2024-10-28 10:59:49,843 - app_logger - ERROR - Unhandled exception: MasterPreviousDiveSiteService.__init__() got an unexpected keyword argument 'master_previous_dive_site_repository'
2024-10-28 11:02:14,345 - app_logger - INFO - Shutting down...
2024-10-28 11:02:16,250 - app_logger - INFO - Starting up...
2024-10-28 11:02:18,988 - app_logger - ERROR - Unhandled exception: 'MasterPreviousDiveSiteRepository' object has no attribute 'get_all_master_previous_dive_sites'
2024-10-28 11:02:52,211 - app_logger - ERROR - Unhandled exception: 'MasterPreviousDiveSiteRepository' object has no attribute 'get_all_master_previous_dive_sites'
2024-10-28 11:03:53,039 - app_logger - INFO - Shutting down...
2024-10-28 11:03:54,974 - app_logger - INFO - Starting up...
2024-10-28 11:03:56,782 - app_logger - INFO - Shutting down...
2024-10-28 11:03:58,346 - app_logger - INFO - Starting up...
2024-10-28 11:04:06,069 - app_logger - INFO - Shutting down...
2024-10-28 11:04:07,465 - app_logger - INFO - Starting up...
2024-10-28 11:37:28,500 - app_logger - ERROR - Unhandled exception: MasterLoveToService.__init__() got an unexpected keyword argument 'master_love_to_repository'
2024-10-28 11:37:46,157 - app_logger - INFO - Shutting down...
2024-10-28 11:37:48,301 - app_logger - INFO - Starting up...
2024-10-28 11:37:50,347 - app_logger - ERROR - Unhandled exception: MasterLoveToService.get_all_master_love_tos() got an unexpected keyword argument 'skip'
2024-10-28 11:38:20,133 - app_logger - ERROR - Unhandled exception: MasterLoveToService.get_all_master_love_tos() got an unexpected keyword argument 'skip'
2024-10-28 11:41:09,814 - app_logger - INFO - Shutting down...
2024-10-28 11:41:11,619 - app_logger - INFO - Starting up...
2024-10-28 11:41:39,946 - app_logger - INFO - Shutting down...
2024-10-28 11:41:41,817 - app_logger - INFO - Starting up...
2024-10-28 11:41:51,873 - app_logger - ERROR - Unhandled exception: MasterLoveToService.get_all_master_love_tos() got an unexpected keyword argument 'skip'
2024-10-28 11:42:35,498 - app_logger - INFO - Shutting down...
2024-10-28 11:42:37,525 - app_logger - INFO - Starting up...
2024-10-28 11:43:41,958 - app_logger - INFO - Shutting down...
2024-10-28 11:43:43,931 - app_logger - INFO - Starting up...
2024-10-28 11:43:51,918 - app_logger - INFO - Shutting down...
2024-10-28 11:43:53,624 - app_logger - INFO - Starting up...
2024-10-28 11:44:08,178 - app_logger - INFO - Shutting down...
2024-10-28 11:44:09,713 - app_logger - INFO - Starting up...
2024-10-28 11:48:58,213 - app_logger - ERROR - Unhandled exception: OnboardingProfileService.__init__() got an unexpected keyword argument 'onboarding_profile_repository'
2024-10-28 11:49:11,404 - app_logger - INFO - Shutting down...
2024-10-28 11:49:13,333 - app_logger - INFO - Starting up...
2024-10-28 12:09:11,898 - app_logger - INFO - Shutting down...
2024-10-28 12:09:14,061 - app_logger - INFO - Starting up...
2024-10-28 12:10:15,498 - app_logger - INFO - Shutting down...
2024-10-28 12:18:20,048 - app_logger - INFO - Starting up...
2024-10-28 12:22:16,861 - app_logger - INFO - Shutting down...
2024-10-28 12:22:19,327 - app_logger - INFO - Starting up...
2024-10-28 12:23:57,652 - app_logger - INFO - Shutting down...
2024-10-28 12:23:59,380 - app_logger - INFO - Starting up...
2024-10-28 12:24:13,025 - app_logger - INFO - Shutting down...
2024-10-28 12:24:14,678 - app_logger - INFO - Starting up...
2024-10-28 12:25:02,122 - app_logger - INFO - Shutting down...
2024-10-28 12:25:04,008 - app_logger - INFO - Starting up...
2024-10-28 12:28:42,695 - app_logger - INFO - Shutting down...
2024-10-28 12:28:45,058 - app_logger - INFO - Starting up...
2024-10-28 12:28:47,026 - app_logger - INFO - Shutting down...
2024-10-28 12:28:51,546 - app_logger - INFO - Starting up...
2024-10-28 12:32:05,329 - app_logger - INFO - Shutting down...
2024-10-28 12:32:07,078 - app_logger - INFO - Starting up...
2024-10-28 12:32:54,215 - app_logger - INFO - Shutting down...
2024-10-28 12:33:02,722 - app_logger - INFO - Starting up...
2024-10-28 12:33:53,908 - app_logger - INFO - Shutting down...
2024-10-28 12:33:55,644 - app_logger - INFO - Starting up...
2024-10-28 12:34:25,942 - app_logger - INFO - Shutting down...
2024-10-28 12:34:27,657 - app_logger - INFO - Starting up...
2024-10-28 12:34:36,426 - app_logger - INFO - Shutting down...
2024-10-28 12:34:38,122 - app_logger - INFO - Starting up...
2024-10-28 12:34:48,107 - app_logger - INFO - Shutting down...
2024-10-28 12:34:49,525 - app_logger - INFO - Starting up...
2024-10-28 12:40:48,564 - app_logger - INFO - Shutting down...
2024-10-28 12:40:50,784 - app_logger - INFO - Starting up...
2024-10-28 12:40:53,350 - app_logger - INFO - Shutting down...
2024-10-28 12:40:55,406 - app_logger - INFO - Starting up...
2024-10-28 12:40:57,448 - app_logger - INFO - Starting up...
2024-10-28 12:40:58,685 - app_logger - INFO - Shutting down...
2024-10-28 12:41:00,412 - app_logger - INFO - Starting up...
2024-10-28 12:48:36,669 - app_logger - INFO - Shutting down...
2024-10-28 12:48:38,592 - app_logger - INFO - Starting up...
2024-10-28 12:49:18,439 - app_logger - INFO - Shutting down...
2024-10-28 12:49:23,180 - app_logger - INFO - Starting up...
2024-10-28 12:52:26,780 - app_logger - INFO - Shutting down...
2024-10-28 12:52:28,970 - app_logger - INFO - Starting up...
2024-10-28 12:53:11,171 - app_logger - INFO - Shutting down...
2024-10-28 12:53:13,078 - app_logger - INFO - Starting up...
2024-10-28 12:53:36,771 - app_logger - INFO - Shutting down...
2024-10-28 12:53:38,275 - app_logger - INFO - Starting up...
2024-10-28 12:57:09,373 - app_logger - INFO - Shutting down...
2024-10-28 12:57:11,916 - app_logger - INFO - Starting up...
2024-10-28 12:58:03,437 - app_logger - INFO - Shutting down...
2024-10-28 12:58:05,493 - app_logger - INFO - Starting up...
2024-10-28 12:59:08,072 - app_logger - INFO - Shutting down...
2024-10-28 12:59:09,751 - app_logger - INFO - Starting up...
2024-10-28 13:01:37,940 - app_logger - INFO - Shutting down...
2024-10-28 13:01:39,410 - app_logger - INFO - Starting up...
2024-10-28 14:14:11,384 - app_logger - INFO - Shutting down...
2024-10-28 14:14:13,523 - app_logger - INFO - Starting up...
2024-10-28 14:14:25,272 - app_logger - INFO - Shutting down...
2024-10-28 14:14:27,110 - app_logger - INFO - Starting up...
2024-10-28 14:17:35,262 - app_logger - INFO - Shutting down...
2024-10-28 14:17:37,408 - app_logger - INFO - Starting up...
2024-10-28 14:38:30,221 - app_logger - INFO - Shutting down...
2024-10-28 14:38:33,108 - app_logger - INFO - Starting up...
2024-10-28 14:39:46,092 - app_logger - INFO - Shutting down...
2024-10-28 14:39:48,070 - app_logger - INFO - Starting up...
2024-10-28 14:41:17,530 - app_logger - INFO - Shutting down...
2024-10-28 14:41:19,474 - app_logger - INFO - Starting up...
2024-10-28 14:41:28,822 - app_logger - INFO - Starting up...
2024-10-28 14:41:43,596 - app_logger - INFO - Starting up...
2024-10-28 14:43:20,959 - app_logger - INFO - Starting up...
2024-10-28 14:44:58,927 - app_logger - INFO - Shutting down...
2024-10-28 14:45:01,181 - app_logger - INFO - Starting up...
2024-10-28 14:55:00,996 - app_logger - INFO - Starting up...
2024-10-28 14:56:58,601 - app_logger - INFO - Shutting down...
2024-10-28 14:57:00,756 - app_logger - INFO - Starting up...
2024-10-28 14:57:27,607 - app_logger - INFO - Shutting down...
2024-10-28 14:57:29,677 - app_logger - INFO - Starting up...
2024-10-28 14:58:10,420 - app_logger - INFO - Shutting down...
2024-10-28 14:58:12,682 - app_logger - INFO - Starting up...
2024-10-28 14:59:24,852 - app_logger - INFO - Shutting down...
2024-10-28 14:59:26,845 - app_logger - INFO - Starting up...
2024-10-28 15:11:38,359 - app_logger - INFO - Shutting down...
2024-10-28 15:11:40,244 - app_logger - INFO - Starting up...
2024-10-28 15:12:20,422 - app_logger - INFO - Shutting down...
2024-10-28 15:12:25,809 - app_logger - INFO - Starting up...
2024-10-28 15:12:28,029 - app_logger - INFO - Shutting down...
2024-10-28 15:12:30,338 - app_logger - INFO - Starting up...
2024-10-28 15:13:16,375 - app_logger - INFO - Shutting down...
2024-10-28 15:29:04,208 - app_logger - INFO - Starting up...
2024-10-28 15:29:56,963 - app_logger - INFO - Shutting down...
2024-10-28 15:29:59,008 - app_logger - INFO - Starting up...
2024-10-28 15:30:29,014 - app_logger - INFO - Shutting down...
2024-10-28 15:30:31,006 - app_logger - INFO - Starting up...
2024-10-28 15:30:45,135 - app_logger - INFO - Shutting down...
2024-10-28 15:30:46,806 - app_logger - INFO - Starting up...
2024-10-28 15:31:34,827 - app_logger - INFO - Shutting down...
2024-10-28 15:31:36,406 - app_logger - INFO - Starting up...
2024-10-28 15:32:45,063 - app_logger - INFO - Shutting down...
2024-10-28 15:32:46,491 - app_logger - INFO - Starting up...
2024-10-28 15:33:51,522 - app_logger - INFO - Shutting down...
2024-10-28 15:33:54,361 - app_logger - INFO - Starting up...
2024-10-28 16:00:40,044 - app_logger - INFO - Shutting down...
2024-10-28 16:00:42,130 - app_logger - INFO - Starting up...
2024-10-28 16:01:03,414 - app_logger - INFO - Shutting down...
2024-10-28 16:01:05,040 - app_logger - INFO - Starting up...
2024-10-28 16:01:13,979 - app_logger - INFO - Shutting down...
2024-10-28 16:01:16,009 - app_logger - INFO - Starting up...
2024-10-28 16:01:19,337 - app_logger - INFO - Starting up...
2024-10-28 16:01:49,511 - app_logger - INFO - Shutting down...
2024-10-28 16:01:51,524 - app_logger - INFO - Starting up...
2024-10-28 16:03:03,548 - app_logger - INFO - Shutting down...
2024-10-28 16:03:05,295 - app_logger - INFO - Starting up...
2024-10-28 16:27:56,373 - app_logger - INFO - Shutting down...
2024-10-28 16:27:58,604 - app_logger - INFO - Starting up...
2024-10-28 16:28:23,207 - app_logger - INFO - Shutting down...
2024-10-28 16:28:25,366 - app_logger - INFO - Starting up...
2024-10-28 16:29:29,289 - app_logger - INFO - Shutting down...
2024-10-28 16:29:31,322 - app_logger - INFO - Starting up...
2024-10-28 16:30:19,539 - app_logger - INFO - Shutting down...
2024-10-28 16:30:21,437 - app_logger - INFO - Starting up...
2024-10-28 16:31:14,696 - app_logger - INFO - Shutting down...
2024-10-28 16:31:17,030 - app_logger - INFO - Starting up...
2024-10-28 16:32:20,303 - app_logger - INFO - Shutting down...
2024-10-28 16:32:24,694 - app_logger - INFO - Starting up...
2024-10-28 16:34:41,856 - app_logger - INFO - Shutting down...
2024-10-28 16:34:44,330 - app_logger - INFO - Starting up...
2024-10-28 16:34:55,794 - app_logger - INFO - Shutting down...
2024-10-28 16:34:57,924 - app_logger - INFO - Starting up...
2024-10-28 16:38:41,575 - app_logger - INFO - Shutting down...
2024-10-28 16:38:43,311 - app_logger - INFO - Starting up...
2024-10-28 16:42:02,629 - app_logger - INFO - Shutting down...
2024-10-28 16:42:04,850 - app_logger - INFO - Starting up...
2024-10-28 16:43:08,558 - app_logger - INFO - Shutting down...
2024-10-28 16:43:10,651 - app_logger - INFO - Starting up...
2024-10-28 16:43:33,269 - app_logger - INFO - Shutting down...
2024-10-28 16:43:35,362 - app_logger - INFO - Starting up...
2024-10-28 16:45:01,172 - app_logger - INFO - Shutting down...
2024-10-28 16:45:03,039 - app_logger - INFO - Starting up...
2024-10-28 16:46:41,490 - app_logger - INFO - Shutting down...
2024-10-28 16:46:43,640 - app_logger - INFO - Starting up...
2024-10-28 16:47:06,662 - app_logger - INFO - Shutting down...
2024-10-28 16:47:08,855 - app_logger - INFO - Starting up...
2024-10-28 16:48:48,805 - app_logger - INFO - Shutting down...
2024-10-28 16:50:20,860 - app_logger - INFO - Starting up...
2024-10-28 17:03:18,647 - app_logger - INFO - Shutting down...
2024-10-28 17:16:53,983 - app_logger - INFO - Starting up...
2024-10-28 17:17:46,681 - app_logger - INFO - Shutting down...
2024-10-28 17:18:36,208 - app_logger - INFO - Starting up...
2024-10-28 17:23:11,235 - app_logger - INFO - Shutting down...
2024-10-28 17:23:13,265 - app_logger - INFO - Starting up...
2024-10-28 17:24:01,254 - app_logger - INFO - Shutting down...
2024-10-28 17:24:03,444 - app_logger - INFO - Starting up...
2024-10-28 17:24:42,310 - app_logger - INFO - Shutting down...
2024-10-28 17:24:44,091 - app_logger - INFO - Starting up...
2024-10-28 17:26:14,532 - app_logger - INFO - Shutting down...
2024-10-28 17:26:16,609 - app_logger - INFO - Starting up...
2024-10-28 17:26:41,108 - app_logger - INFO - Shutting down...
2024-10-28 17:26:42,899 - app_logger - INFO - Starting up...
2024-10-28 17:28:37,552 - app_logger - INFO - Shutting down...
2024-10-28 17:29:17,389 - app_logger - INFO - Starting up...
2024-10-28 17:33:30,582 - app_logger - INFO - Shutting down...
2024-10-28 17:33:33,120 - app_logger - INFO - Starting up...
2024-10-28 17:36:37,160 - app_logger - INFO - Shutting down...
2024-10-28 17:37:57,907 - app_logger - INFO - Starting up...
2024-10-28 17:38:13,495 - app_logger - INFO - Shutting down...
2024-10-28 17:42:20,601 - app_logger - INFO - Starting up...
2024-10-28 17:56:34,182 - app_logger - INFO - Shutting down...
2024-10-28 17:56:36,376 - app_logger - INFO - Starting up...
2024-10-28 17:57:16,758 - app_logger - INFO - Shutting down...
2024-10-28 17:57:18,490 - app_logger - INFO - Starting up...
2024-10-28 17:58:04,631 - app_logger - INFO - Shutting down...
2024-10-28 17:58:07,008 - app_logger - INFO - Starting up...
2024-10-28 17:58:32,734 - app_logger - INFO - Shutting down...
2024-10-28 17:58:34,788 - app_logger - INFO - Starting up...
2024-10-28 17:59:13,545 - app_logger - INFO - Shutting down...
2024-10-28 17:59:15,379 - app_logger - INFO - Starting up...
2024-10-28 17:59:34,502 - app_logger - INFO - Shutting down...
2024-10-28 17:59:36,311 - app_logger - INFO - Starting up...
2024-10-28 18:04:06,338 - app_logger - INFO - Shutting down...
2024-10-28 18:04:08,700 - app_logger - INFO - Starting up...
2024-10-28 18:04:19,905 - app_logger - INFO - Shutting down...
2024-10-28 18:04:21,992 - app_logger - INFO - Starting up...
2024-10-28 22:14:16,786 - app_logger - INFO - Shutting down...
2024-10-28 22:14:19,702 - app_logger - INFO - Starting up...
2024-10-28 22:15:20,715 - app_logger - INFO - Shutting down...
2024-10-28 22:15:23,665 - app_logger - INFO - Starting up...
2024-10-28 22:15:38,641 - app_logger - INFO - Shutting down...
2024-10-28 22:15:41,325 - app_logger - INFO - Starting up...
2024-10-28 22:17:23,804 - app_logger - INFO - Shutting down...
2024-10-28 22:17:26,354 - app_logger - INFO - Starting up...
2024-10-28 22:19:40,946 - app_logger - INFO - Shutting down...
2024-10-28 22:19:43,718 - app_logger - INFO - Starting up...
2024-10-28 22:24:37,921 - app_logger - INFO - Shutting down...
2024-10-28 22:24:41,190 - app_logger - INFO - Starting up...
2024-10-28 22:24:51,304 - app_logger - INFO - Shutting down...
2024-10-28 22:24:54,114 - app_logger - INFO - Starting up...
2024-10-28 22:30:44,358 - app_logger - INFO - Shutting down...
2024-10-28 22:30:47,022 - app_logger - INFO - Starting up...
2024-10-28 22:30:52,183 - app_logger - INFO - Shutting down...
2024-10-28 22:30:54,267 - app_logger - INFO - Starting up...
2024-10-28 22:39:09,306 - app_logger - INFO - Shutting down...
2024-10-28 22:39:12,119 - app_logger - INFO - Starting up...
2024-10-28 22:39:59,986 - app_logger - INFO - Shutting down...
2024-10-28 22:40:03,057 - app_logger - INFO - Starting up...
2024-10-28 22:42:03,427 - app_logger - INFO - Shutting down...
2024-10-28 22:42:05,976 - app_logger - INFO - Starting up...
2024-10-28 22:42:17,948 - app_logger - INFO - Shutting down...
2024-10-28 22:42:21,031 - app_logger - INFO - Starting up...
2024-10-28 22:42:31,114 - app_logger - INFO - Shutting down...
2024-10-28 22:42:33,496 - app_logger - INFO - Starting up...
2024-10-28 22:42:49,737 - app_logger - INFO - Shutting down...
2024-10-28 22:42:52,228 - app_logger - INFO - Starting up...
2024-10-28 22:43:13,383 - app_logger - INFO - Shutting down...
2024-10-28 22:43:15,520 - app_logger - INFO - Starting up...
2024-10-28 22:43:32,248 - app_logger - INFO - Shutting down...
2024-10-28 22:43:34,328 - app_logger - INFO - Starting up...
2024-10-28 22:44:04,965 - app_logger - INFO - Shutting down...
2024-10-28 22:44:07,602 - app_logger - INFO - Starting up...
2024-10-28 22:45:29,148 - app_logger - INFO - Shutting down...
2024-10-28 22:45:31,651 - app_logger - INFO - Starting up...
2024-10-29 06:58:32,833 - app_logger - INFO - Shutting down...
2024-10-29 06:58:37,215 - app_logger - INFO - Starting up...
2024-10-29 07:10:46,776 - app_logger - INFO - Shutting down...
2024-10-29 07:10:49,274 - app_logger - INFO - Starting up...
2024-10-29 07:43:32,190 - app_logger - INFO - Shutting down...
2024-10-29 07:44:13,879 - app_logger - INFO - Starting up...
2024-10-29 07:44:24,805 - app_logger - INFO - Shutting down...
2024-10-29 07:59:25,260 - app_logger - INFO - Starting up...
2024-10-29 08:03:59,993 - app_logger - INFO - Shutting down...
2024-10-29 08:04:01,761 - app_logger - INFO - Starting up...
2024-10-29 08:14:27,434 - app_logger - INFO - Shutting down...
2024-10-29 08:14:30,024 - app_logger - INFO - Starting up...
2024-10-29 08:15:27,436 - app_logger - INFO - Shutting down...
2024-10-29 08:15:29,605 - app_logger - INFO - Starting up...
2024-10-29 08:16:09,418 - app_logger - INFO - Shutting down...
2024-10-29 08:16:11,389 - app_logger - INFO - Starting up...
2024-10-29 08:16:42,353 - app_logger - INFO - Shutting down...
2024-10-29 08:16:43,877 - app_logger - INFO - Starting up...
2024-10-29 08:34:44,699 - app_logger - INFO - Shutting down...
2024-10-29 08:34:46,691 - app_logger - INFO - Starting up...
2024-10-29 08:35:20,938 - app_logger - INFO - Shutting down...
2024-10-29 08:35:22,790 - app_logger - INFO - Starting up...
2024-10-29 08:39:40,187 - app_logger - INFO - Shutting down...
2024-10-29 08:39:42,272 - app_logger - INFO - Starting up...
2024-10-29 08:42:43,856 - app_logger - INFO - Shutting down...
2024-10-29 08:42:46,069 - app_logger - INFO - Starting up...
2024-10-29 08:43:26,827 - app_logger - INFO - Shutting down...
2024-10-29 08:43:28,875 - app_logger - INFO - Starting up...
2024-10-29 08:43:55,366 - app_logger - INFO - Shutting down...
2024-10-29 08:43:57,236 - app_logger - INFO - Starting up...
2024-10-29 15:19:49,656 - app_logger - INFO - Shutting down...
2024-10-29 16:03:59,482 - app_logger - INFO - Starting up...
2024-10-29 16:05:39,952 - app_logger - INFO - Starting up...
2024-10-29 16:05:53,721 - app_logger - INFO - Starting up...
2024-10-29 16:08:14,376 - app_logger - INFO - Starting up...
2024-10-29 16:52:44,877 - app_logger - INFO - Starting up...
2024-10-29 16:56:35,343 - app_logger - INFO - Starting up...
2024-10-29 16:58:37,663 - app_logger - INFO - Starting up...
2024-10-29 17:00:41,107 - app_logger - INFO - Starting up...
2024-10-29 18:11:26,219 - app_logger - INFO - Starting up...
2024-10-30 14:17:31,025 - app_logger - INFO - Starting up...
2024-10-30 14:28:41,409 - app_logger - INFO - Starting up...
2024-10-30 14:31:34,663 - app_logger - INFO - Starting up...
2024-10-30 14:35:36,565 - app_logger - INFO - Starting up...
2024-10-30 15:49:36,414 - app_logger - INFO - Shutting down...
2024-10-30 15:54:53,031 - app_logger - INFO - Starting up...
2024-10-30 16:08:12,908 - app_logger - INFO - Shutting down...
2024-10-30 16:08:14,670 - app_logger - INFO - Starting up...
2024-10-30 16:09:10,544 - app_logger - INFO - Shutting down...
2024-10-30 16:09:12,984 - app_logger - INFO - Starting up...
2024-10-30 16:12:51,981 - app_logger - INFO - Shutting down...
2024-10-30 16:12:53,448 - app_logger - INFO - Starting up...
2024-11-01 10:39:27,813 - app_logger - INFO - Shutting down...
2024-11-01 10:39:29,835 - app_logger - INFO - Starting up...
2024-11-01 10:42:25,411 - app_logger - INFO - Shutting down...
2024-11-01 10:42:26,578 - app_logger - INFO - Starting up...
2024-11-01 10:44:23,887 - app_logger - INFO - Shutting down...
2024-11-01 10:44:25,206 - app_logger - INFO - Starting up...
2024-11-01 10:45:47,103 - app_logger - INFO - Shutting down...
2024-11-01 10:45:48,412 - app_logger - INFO - Starting up...
2024-11-01 10:46:11,541 - app_logger - INFO - Shutting down...
2024-11-01 10:46:12,714 - app_logger - INFO - Starting up...
2024-11-01 10:48:33,247 - app_logger - INFO - Shutting down...
2024-11-01 10:48:34,632 - app_logger - INFO - Starting up...
2024-11-01 10:49:50,831 - app_logger - INFO - Shutting down...
2024-11-01 10:49:52,107 - app_logger - INFO - Starting up...
2024-11-01 10:54:40,616 - app_logger - INFO - Shutting down...
2024-11-01 10:54:42,051 - app_logger - INFO - Starting up...
2024-11-01 11:00:00,467 - app_logger - INFO - Shutting down...
2024-11-01 11:00:16,503 - app_logger - INFO - Starting up...
2024-11-01 11:02:09,341 - app_logger - INFO - Shutting down...
2024-11-01 11:02:10,753 - app_logger - INFO - Starting up...
2024-11-01 11:04:18,466 - app_logger - INFO - Shutting down...
2024-11-01 11:04:19,662 - app_logger - INFO - Starting up...
2024-11-01 11:07:39,125 - app_logger - INFO - Shutting down...
2024-11-01 11:07:41,008 - app_logger - INFO - Starting up...
2024-11-01 11:11:48,599 - app_logger - INFO - Shutting down...
2024-11-01 11:11:49,923 - app_logger - INFO - Starting up...
2024-11-01 11:15:34,773 - app_logger - INFO - Shutting down...
2024-11-01 11:15:36,694 - app_logger - INFO - Starting up...
2024-11-01 11:17:25,001 - app_logger - INFO - Shutting down...
2024-11-01 11:17:26,414 - app_logger - INFO - Starting up...
2024-11-01 11:20:43,937 - app_logger - INFO - Shutting down...
2024-11-01 11:20:45,437 - app_logger - INFO - Starting up...
2024-11-01 11:21:45,640 - app_logger - INFO - Shutting down...
2024-11-01 11:21:46,794 - app_logger - INFO - Starting up...
2024-11-01 11:27:46,157 - app_logger - INFO - Shutting down...
2024-11-01 11:27:47,932 - app_logger - INFO - Starting up...
2024-11-01 11:29:17,392 - app_logger - INFO - Shutting down...
2024-11-01 12:46:13,741 - app_logger - INFO - Starting up...
2024-11-01 12:47:36,257 - app_logger - INFO - Shutting down...
2024-11-01 14:30:55,044 - app_logger - INFO - Starting up...
2024-11-02 10:09:01,266 - app_logger - INFO - Shutting down...
2024-11-02 10:09:02,946 - app_logger - INFO - Starting up...
2024-11-02 10:23:31,104 - app_logger - INFO - Shutting down...
2024-11-02 10:23:33,496 - app_logger - INFO - Starting up...
2024-11-03 17:12:58,901 - app_logger - INFO - Shutting down...
2024-11-04 09:32:58,734 - app_logger - INFO - Starting up...
2024-11-04 15:55:02,595 - app_logger - INFO - Shutting down...
2024-11-04 15:57:19,076 - app_logger - INFO - Starting up...
2024-11-04 16:02:47,159 - app_logger - INFO - Shutting down...
2024-11-04 16:14:49,893 - app_logger - INFO - Starting up...
2024-11-04 16:25:05,275 - app_logger - INFO - Shutting down...
2024-11-04 16:25:07,358 - app_logger - INFO - Starting up...
2024-11-04 16:27:19,778 - app_logger - INFO - Shutting down...
2024-11-04 16:27:21,267 - app_logger - INFO - Starting up...
2024-11-04 16:27:39,408 - app_logger - INFO - Shutting down...
2024-11-04 16:47:37,162 - app_logger - INFO - Starting up...
2024-11-04 16:47:38,434 - app_logger - INFO - Shutting down...
2024-11-04 16:52:52,823 - app_logger - INFO - Starting up...
2024-11-04 16:56:59,818 - app_logger - INFO - Shutting down...
2024-11-04 16:57:01,786 - app_logger - INFO - Starting up...
2024-11-04 16:57:03,770 - app_logger - INFO - Shutting down...
2024-11-04 16:57:06,777 - app_logger - INFO - Starting up...
2024-11-04 16:57:07,327 - app_logger - INFO - Shutting down...
2024-11-04 16:59:02,613 - app_logger - INFO - Starting up...
2024-11-04 17:02:29,380 - app_logger - INFO - Shutting down...
2024-11-04 17:02:30,723 - app_logger - INFO - Starting up...
2024-11-04 17:05:13,207 - app_logger - INFO - Shutting down...
2024-11-04 17:05:14,451 - app_logger - INFO - Starting up...
2024-11-04 17:06:20,600 - app_logger - INFO - Shutting down...
2024-11-04 17:06:21,885 - app_logger - INFO - Starting up...
2024-11-04 17:06:44,510 - app_logger - INFO - Shutting down...
2024-11-04 17:06:45,746 - app_logger - INFO - Starting up...
2024-11-04 17:07:19,358 - app_logger - INFO - Shutting down...
2024-11-06 14:16:09,901 - app_logger - INFO - Starting up...
2024-11-06 14:50:58,344 - app_logger - INFO - Shutting down...
2024-11-06 14:51:01,398 - app_logger - INFO - Starting up...
2024-11-06 15:12:26,396 - app_logger - INFO - Shutting down...
2024-11-06 15:12:29,221 - app_logger - INFO - Starting up...
2024-11-06 15:19:31,007 - app_logger - INFO - Shutting down...
2024-11-06 15:19:33,278 - app_logger - INFO - Starting up...
2024-11-06 15:23:13,325 - app_logger - INFO - Shutting down...
2024-11-06 15:23:15,295 - app_logger - INFO - Starting up...
2024-11-06 15:24:13,212 - app_logger - INFO - Shutting down...
2024-11-06 15:24:14,894 - app_logger - INFO - Starting up...
2024-11-06 15:28:57,426 - app_logger - INFO - Shutting down...
2024-11-06 15:29:08,991 - app_logger - INFO - Starting up...
2024-11-06 15:52:46,840 - app_logger - INFO - Shutting down...
2024-11-07 13:59:49,933 - app_logger - INFO - Starting up...
2024-11-07 15:26:44,892 - app_logger - INFO - Shutting down...
2024-11-07 15:26:46,570 - app_logger - INFO - Starting up...
2024-11-07 15:28:19,682 - app_logger - INFO - Shutting down...
2024-11-07 15:28:20,847 - app_logger - INFO - Starting up...
2024-11-07 15:49:53,164 - app_logger - INFO - Shutting down...
2024-11-07 15:49:55,668 - app_logger - INFO - Starting up...
2024-11-08 14:31:46,994 - app_logger - INFO - Starting up...
2024-11-08 14:50:13,244 - app_logger - INFO - Shutting down...
2024-11-08 14:51:58,932 - app_logger - INFO - Starting up...
2024-11-08 14:53:54,509 - app_logger - INFO - Shutting down...
2024-11-08 14:54:18,725 - app_logger - INFO - Starting up...
2024-11-08 14:58:20,170 - app_logger - INFO - Shutting down...
2024-11-08 14:59:52,474 - app_logger - INFO - Starting up...
2024-11-08 15:06:51,958 - app_logger - INFO - Shutting down...
2024-11-08 15:06:53,287 - app_logger - INFO - Starting up...
2024-11-08 15:27:55,645 - app_logger - INFO - Shutting down...
2024-11-08 15:28:12,351 - app_logger - INFO - Starting up...
2024-11-08 15:31:22,849 - app_logger - INFO - Shutting down...
2024-11-08 15:31:24,338 - app_logger - INFO - Starting up...
2024-11-08 15:34:12,934 - app_logger - INFO - Shutting down...
2024-11-08 15:34:14,480 - app_logger - INFO - Starting up...
2024-11-08 15:59:20,469 - app_logger - INFO - Shutting down...
